<?xml version="1.0" encoding="UTF-8"?>
<!-- Generated by org.testng.reporters.JUnitReportReporter -->
<testsuite skipped="0" hostname="LAPTOP-R30Q12HF" name="test.PostingQuickDraftTest" tests="1" failures="0" timestamp="29 Feb 2020 19:40:26 GMT" time="24.703" errors="0">
  <testcase name="userShouldBeAbleToPostQuickDraft" time="24.703" classname="test.PostingQuickDraftTest"/>
</testsuite> <!-- test.PostingQuickDraftTest -->
